#
# There is insufficient memory for the Java Runtime Environment to continue.
# Native memory allocation (malloc) failed to allocate 32744 bytes for Chunk::new
# Possible reasons:
#   The system is out of physical RAM or swap space
#   The process is running with CompressedOops enabled, and the Java Heap may be blocking the growth of the native heap
# Possible solutions:
#   Reduce memory load on the system
#   Increase physical memory or swap space
#   Check if swap backing store is full
#   Decrease Java heap size (-Xmx/-Xms)
#   Decrease number of Java threads
#   Decrease Java thread stack sizes (-Xss)
#   Set larger code cache with -XX:ReservedCodeCacheSize=
#   JVM is running with Unscaled Compressed Oops mode in which the Java heap is
#     placed in the first 4GB address space. The Java Heap base address is the
#     maximum limit for the native heap growth. Please use -XX:HeapBaseMinAddress
#     to set the Java Heap base and to place the Java Heap above 4GB virtual address.
# This output file may be truncated or incomplete.
#
#  Out of Memory Error (arena.cpp:184), pid=25304, tid=26740
#
# JRE version: Java(TM) SE Runtime Environment (18.0+36) (build 18+36-2087)
# Java VM: Java HotSpot(TM) 64-Bit Server VM (18+36-2087, mixed mode, tiered, compressed oops, compressed class ptrs, g1 gc, windows-amd64)
# No core dump will be written. Minidumps are not enabled by default on client versions of Windows
#

---------------  S U M M A R Y ------------

Command Line: -ea -Dfile.encoding=UTF-8 -XX:+ShowCodeDetailsInExceptionMessages org.testng.remote.RemoteTestNG -serport 64612 -protocol json -d C:\Users\Frazina\eclipse-workspace\AmazonAutomation\test-output C:\Users\Frazina\AppData\Local\Temp\testng-eclipse--1198512775\testng-customsuite.xml

Host: 11th Gen Intel(R) Core(TM) i5-1135G7 @ 2.40GHz, 8 cores, 3G,  Windows 11 , 64 bit Build 22621 (10.0.22621.3958)
Time: Thu Oct 24 22:23:21 2024 India Standard Time elapsed time: 2.011391 seconds (0d 0h 0m 2s)

---------------  T H R E A D  ---------------

Current thread (0x0000014b77a082a0):  JavaThread "C1 CompilerThread0" daemon [_thread_in_native, id=26740, stack(0x00000002ee400000,0x00000002ee500000)]


Current CompileTask:
C1:   2011  248       3       jdk.internal.org.objectweb.asm.Frame::execute (2305 bytes)

Stack: [0x00000002ee400000,0x00000002ee500000]
Native frames: (J=compiled Java code, j=interpreted, Vv=VM code, C=native code)
V  [jvm.dll+0x69804a]
V  [jvm.dll+0x7f308d]
V  [jvm.dll+0x7f499e]
V  [jvm.dll+0x7f5053]
V  [jvm.dll+0x25ca3f]
V  [jvm.dll+0xb8c2f]
V  [jvm.dll+0xb8fa5]
V  [jvm.dll+0x125eef]
V  [jvm.dll+0x17b203]
V  [jvm.dll+0x1722ae]
V  [jvm.dll+0x1601f0]
V  [jvm.dll+0x148d67]
V  [jvm.dll+0x1486cf]
V  [jvm.dll+0x148926]
V  [jvm.dll+0x147d9a]
V  [jvm.dll+0x149a81]
V  [jvm.dll+0x23e8ca]
V  [jvm.dll+0x23cbac]
V  [jvm.dll+0x7a5781]
V  [jvm.dll+0x79fbba]
V  [jvm.dll+0x696ef5]
C  [ucrtbase.dll+0x29333]
C  [KERNEL32.DLL+0x1257d]
C  [ntdll.dll+0x5af08]


---------------  P R O C E S S  ---------------

Threads class SMR info:
_java_thread_list=0x0000014b779f9ec0, length=12, elements={
0x0000014b5bffe200, 0x0000014b779bd010, 0x0000014b779c1cf0, 0x0000014b779d9e30,
0x0000014b779da6e0, 0x0000014b779fb010, 0x0000014b779fb8c0, 0x0000014b77a079b0,
0x0000014b77a082a0, 0x0000014b77a19350, 0x0000014b0019e9e0, 0x0000014b001bf1d0
}

Java Threads: ( => current thread )
  0x0000014b5bffe200 JavaThread "main" [_thread_in_vm, id=6328, stack(0x00000002ed600000,0x00000002ed700000)]
  0x0000014b779bd010 JavaThread "Reference Handler" daemon [_thread_blocked, id=28504, stack(0x00000002edd00000,0x00000002ede00000)]
  0x0000014b779c1cf0 JavaThread "Finalizer" daemon [_thread_blocked, id=20904, stack(0x00000002ede00000,0x00000002edf00000)]
  0x0000014b779d9e30 JavaThread "Signal Dispatcher" daemon [_thread_blocked, id=18960, stack(0x00000002edf00000,0x00000002ee000000)]
  0x0000014b779da6e0 JavaThread "Attach Listener" daemon [_thread_blocked, id=28868, stack(0x00000002ee000000,0x00000002ee100000)]
  0x0000014b779fb010 JavaThread "Service Thread" daemon [_thread_blocked, id=2964, stack(0x00000002ee100000,0x00000002ee200000)]
  0x0000014b779fb8c0 JavaThread "Monitor Deflation Thread" daemon [_thread_blocked, id=29908, stack(0x00000002ee200000,0x00000002ee300000)]
  0x0000014b77a079b0 JavaThread "C2 CompilerThread0" daemon [_thread_in_native, id=25400, stack(0x00000002ee300000,0x00000002ee400000)]
=>0x0000014b77a082a0 JavaThread "C1 CompilerThread0" daemon [_thread_in_native, id=26740, stack(0x00000002ee400000,0x00000002ee500000)]
  0x0000014b77a19350 JavaThread "Sweeper thread" daemon [_thread_blocked, id=28748, stack(0x00000002ee500000,0x00000002ee600000)]
  0x0000014b0019e9e0 JavaThread "Notification Thread" daemon [_thread_blocked, id=22688, stack(0x00000002ee600000,0x00000002ee700000)]
  0x0000014b001bf1d0 JavaThread "Common-Cleaner" daemon [_thread_blocked, id=11448, stack(0x00000002ee800000,0x00000002ee900000)]

Other Threads:
  0x0000014b77965f10 VMThread "VM Thread" [stack: 0x00000002edc00000,0x00000002edd00000] [id=13824]
  0x0000014b001ac540 WatcherThread "VM Periodic Task Thread" [stack: 0x00000002ee700000,0x00000002ee800000] [id=20648]
  0x0000014b5c040600 WorkerThread "GC Thread#0" [stack: 0x00000002ed700000,0x00000002ed800000] [id=30624]
  0x0000014b5c04b4e0 ConcurrentGCThread "G1 Main Marker" [stack: 0x00000002ed800000,0x00000002ed900000] [id=22180]
  0x0000014b5c04bed0 WorkerThread "G1 Conc#0" [stack: 0x00000002ed900000,0x00000002eda00000] [id=22028]
  0x0000014b5c0ac070 ConcurrentGCThread "G1 Refine#0" [stack: 0x00000002eda00000,0x00000002edb00000] [id=27116]
  0x0000014b5c0add90 ConcurrentGCThread "G1 Service" [stack: 0x00000002edb00000,0x00000002edc00000] [id=29056]

Threads with active compile tasks:
C2 CompilerThread0     2219  251       4       jdk.internal.org.objectweb.asm.SymbolTable::get (13 bytes)
C1 CompilerThread0     2219  248       3       jdk.internal.org.objectweb.asm.Frame::execute (2305 bytes)

VM state: not at safepoint (normal execution)

VM Mutex/Monitor currently owned by a thread:  ([mutex/lock_event])
[0x0000014b5bff98b0] Metaspace_lock - owner thread: 0x0000014b5bffe200

Heap address: 0x00000000c4000000, size: 960 MB, Compressed Oops mode: 32-bit

CDS archive(s) not mapped
Compressed class space mapped at: 0x0000000100000000-0x0000000140000000, reserved size: 1073741824
Narrow klass base: 0x0000000000000000, Narrow klass shift: 3, Narrow klass range: 0x140000000

GC Precious Log:
 CardTable entry size: 512
 Card Set container configuration: InlinePtr #cards 5 size 8 Array Of Cards #cards 12 size 40 Howl #buckets 4 coarsen threshold 1843 Howl Bitmap #cards 512 size 80 coarsen threshold 460 Card regions per heap region 1 cards per card region 2048
 CPUs: 8 total, 8 available
 Memory: 3836M
 Large Page Support: Disabled
 NUMA Support: Disabled
 Compressed Oops: Enabled (32-bit)
 Heap Region Size: 1M
 Heap Min Capacity: 8M
 Heap Initial Capacity: 60M
 Heap Max Capacity: 960M
 Pre-touch: Disabled
 Parallel Workers: 8
 Concurrent Workers: 2
 Concurrent Refinement Workers: 8
 Periodic GC: Disabled

Heap:
 garbage-first heap   total 61440K, used 3072K [0x00000000c4000000, 0x0000000100000000)
  region size 1024K, 4 young (4096K), 0 survivors (0K)
 Metaspace       used 7137K, committed 7296K, reserved 1114112K
  class space    used 611K, committed 704K, reserved 1048576K

Heap Regions: E=young(eden), S=young(survivor), O=old, HS=humongous(starts), HC=humongous(continues), CS=collection set, F=free, OA=open archive, CA=closed archive, TAMS=top-at-mark-start (previous, next)
|   0|0x00000000c4000000, 0x00000000c4000000, 0x00000000c4100000|  0%| F|  |TAMS 0x00000000c4000000, 0x00000000c4000000| Untracked 
|   1|0x00000000c4100000, 0x00000000c4100000, 0x00000000c4200000|  0%| F|  |TAMS 0x00000000c4100000, 0x00000000c4100000| Untracked 
|   2|0x00000000c4200000, 0x00000000c4200000, 0x00000000c4300000|  0%| F|  |TAMS 0x00000000c4200000, 0x00000000c4200000| Untracked 
|   3|0x00000000c4300000, 0x00000000c4300000, 0x00000000c4400000|  0%| F|  |TAMS 0x00000000c4300000, 0x00000000c4300000| Untracked 
|   4|0x00000000c4400000, 0x00000000c4400000, 0x00000000c4500000|  0%| F|  |TAMS 0x00000000c4400000, 0x00000000c4400000| Untracked 
|   5|0x00000000c4500000, 0x00000000c4500000, 0x00000000c4600000|  0%| F|  |TAMS 0x00000000c4500000, 0x00000000c4500000| Untracked 
|   6|0x00000000c4600000, 0x00000000c4600000, 0x00000000c4700000|  0%| F|  |TAMS 0x00000000c4600000, 0x00000000c4600000| Untracked 
|   7|0x00000000c4700000, 0x00000000c4700000, 0x00000000c4800000|  0%| F|  |TAMS 0x00000000c4700000, 0x00000000c4700000| Untracked 
|   8|0x00000000c4800000, 0x00000000c4800000, 0x00000000c4900000|  0%| F|  |TAMS 0x00000000c4800000, 0x00000000c4800000| Untracked 
|   9|0x00000000c4900000, 0x00000000c4900000, 0x00000000c4a00000|  0%| F|  |TAMS 0x00000000c4900000, 0x00000000c4900000| Untracked 
|  10|0x00000000c4a00000, 0x00000000c4a00000, 0x00000000c4b00000|  0%| F|  |TAMS 0x00000000c4a00000, 0x00000000c4a00000| Untracked 
|  11|0x00000000c4b00000, 0x00000000c4b00000, 0x00000000c4c00000|  0%| F|  |TAMS 0x00000000c4b00000, 0x00000000c4b00000| Untracked 
|  12|0x00000000c4c00000, 0x00000000c4c00000, 0x00000000c4d00000|  0%| F|  |TAMS 0x00000000c4c00000, 0x00000000c4c00000| Untracked 
|  13|0x00000000c4d00000, 0x00000000c4d00000, 0x00000000c4e00000|  0%| F|  |TAMS 0x00000000c4d00000, 0x00000000c4d00000| Untracked 
|  14|0x00000000c4e00000, 0x00000000c4e00000, 0x00000000c4f00000|  0%| F|  |TAMS 0x00000000c4e00000, 0x00000000c4e00000| Untracked 
|  15|0x00000000c4f00000, 0x00000000c4f00000, 0x00000000c5000000|  0%| F|  |TAMS 0x00000000c4f00000, 0x00000000c4f00000| Untracked 
|  16|0x00000000c5000000, 0x00000000c5000000, 0x00000000c5100000|  0%| F|  |TAMS 0x00000000c5000000, 0x00000000c5000000| Untracked 
|  17|0x00000000c5100000, 0x00000000c5100000, 0x00000000c5200000|  0%| F|  |TAMS 0x00000000c5100000, 0x00000000c5100000| Untracked 
|  18|0x00000000c5200000, 0x00000000c5200000, 0x00000000c5300000|  0%| F|  |TAMS 0x00000000c5200000, 0x00000000c5200000| Untracked 
|  19|0x00000000c5300000, 0x00000000c5300000, 0x00000000c5400000|  0%| F|  |TAMS 0x00000000c5300000, 0x00000000c5300000| Untracked 
|  20|0x00000000c5400000, 0x00000000c5400000, 0x00000000c5500000|  0%| F|  |TAMS 0x00000000c5400000, 0x00000000c5400000| Untracked 
|  21|0x00000000c5500000, 0x00000000c5500000, 0x00000000c5600000|  0%| F|  |TAMS 0x00000000c5500000, 0x00000000c5500000| Untracked 
|  22|0x00000000c5600000, 0x00000000c5600000, 0x00000000c5700000|  0%| F|  |TAMS 0x00000000c5600000, 0x00000000c5600000| Untracked 
|  23|0x00000000c5700000, 0x00000000c5700000, 0x00000000c5800000|  0%| F|  |TAMS 0x00000000c5700000, 0x00000000c5700000| Untracked 
|  24|0x00000000c5800000, 0x00000000c5800000, 0x00000000c5900000|  0%| F|  |TAMS 0x00000000c5800000, 0x00000000c5800000| Untracked 
|  25|0x00000000c5900000, 0x00000000c5900000, 0x00000000c5a00000|  0%| F|  |TAMS 0x00000000c5900000, 0x00000000c5900000| Untracked 
|  26|0x00000000c5a00000, 0x00000000c5a00000, 0x00000000c5b00000|  0%| F|  |TAMS 0x00000000c5a00000, 0x00000000c5a00000| Untracked 
|  27|0x00000000c5b00000, 0x00000000c5b00000, 0x00000000c5c00000|  0%| F|  |TAMS 0x00000000c5b00000, 0x00000000c5b00000| Untracked 
|  28|0x00000000c5c00000, 0x00000000c5c00000, 0x00000000c5d00000|  0%| F|  |TAMS 0x00000000c5c00000, 0x00000000c5c00000| Untracked 
|  29|0x00000000c5d00000, 0x00000000c5d00000, 0x00000000c5e00000|  0%| F|  |TAMS 0x00000000c5d00000, 0x00000000c5d00000| Untracked 
|  30|0x00000000c5e00000, 0x00000000c5e00000, 0x00000000c5f00000|  0%| F|  |TAMS 0x00000000c5e00000, 0x00000000c5e00000| Untracked 
|  31|0x00000000c5f00000, 0x00000000c5f00000, 0x00000000c6000000|  0%| F|  |TAMS 0x00000000c5f00000, 0x00000000c5f00000| Untracked 
|  32|0x00000000c6000000, 0x00000000c6000000, 0x00000000c6100000|  0%| F|  |TAMS 0x00000000c6000000, 0x00000000c6000000| Untracked 
|  33|0x00000000c6100000, 0x00000000c6100000, 0x00000000c6200000|  0%| F|  |TAMS 0x00000000c6100000, 0x00000000c6100000| Untracked 
|  34|0x00000000c6200000, 0x00000000c6200000, 0x00000000c6300000|  0%| F|  |TAMS 0x00000000c6200000, 0x00000000c6200000| Untracked 
|  35|0x00000000c6300000, 0x00000000c6300000, 0x00000000c6400000|  0%| F|  |TAMS 0x00000000c6300000, 0x00000000c6300000| Untracked 
|  36|0x00000000c6400000, 0x00000000c6400000, 0x00000000c6500000|  0%| F|  |TAMS 0x00000000c6400000, 0x00000000c6400000| Untracked 
|  37|0x00000000c6500000, 0x00000000c6500000, 0x00000000c6600000|  0%| F|  |TAMS 0x00000000c6500000, 0x00000000c6500000| Untracked 
|  38|0x00000000c6600000, 0x00000000c6600000, 0x00000000c6700000|  0%| F|  |TAMS 0x00000000c6600000, 0x00000000c6600000| Untracked 
|  39|0x00000000c6700000, 0x00000000c6700000, 0x00000000c6800000|  0%| F|  |TAMS 0x00000000c6700000, 0x00000000c6700000| Untracked 
|  40|0x00000000c6800000, 0x00000000c6800000, 0x00000000c6900000|  0%| F|  |TAMS 0x00000000c6800000, 0x00000000c6800000| Untracked 
|  41|0x00000000c6900000, 0x00000000c6900000, 0x00000000c6a00000|  0%| F|  |TAMS 0x00000000c6900000, 0x00000000c6900000| Untracked 
|  42|0x00000000c6a00000, 0x00000000c6a00000, 0x00000000c6b00000|  0%| F|  |TAMS 0x00000000c6a00000, 0x00000000c6a00000| Untracked 
|  43|0x00000000c6b00000, 0x00000000c6b00000, 0x00000000c6c00000|  0%| F|  |TAMS 0x00000000c6b00000, 0x00000000c6b00000| Untracked 
|  44|0x00000000c6c00000, 0x00000000c6c00000, 0x00000000c6d00000|  0%| F|  |TAMS 0x00000000c6c00000, 0x00000000c6c00000| Untracked 
|  45|0x00000000c6d00000, 0x00000000c6d00000, 0x00000000c6e00000|  0%| F|  |TAMS 0x00000000c6d00000, 0x00000000c6d00000| Untracked 
|  46|0x00000000c6e00000, 0x00000000c6e00000, 0x00000000c6f00000|  0%| F|  |TAMS 0x00000000c6e00000, 0x00000000c6e00000| Untracked 
|  47|0x00000000c6f00000, 0x00000000c6f00000, 0x00000000c7000000|  0%| F|  |TAMS 0x00000000c6f00000, 0x00000000c6f00000| Untracked 
|  48|0x00000000c7000000, 0x00000000c7000000, 0x00000000c7100000|  0%| F|  |TAMS 0x00000000c7000000, 0x00000000c7000000| Untracked 
|  49|0x00000000c7100000, 0x00000000c7100000, 0x00000000c7200000|  0%| F|  |TAMS 0x00000000c7100000, 0x00000000c7100000| Untracked 
|  50|0x00000000c7200000, 0x00000000c7200000, 0x00000000c7300000|  0%| F|  |TAMS 0x00000000c7200000, 0x00000000c7200000| Untracked 
|  51|0x00000000c7300000, 0x00000000c7300000, 0x00000000c7400000|  0%| F|  |TAMS 0x00000000c7300000, 0x00000000c7300000| Untracked 
|  52|0x00000000c7400000, 0x00000000c7400000, 0x00000000c7500000|  0%| F|  |TAMS 0x00000000c7400000, 0x00000000c7400000| Untracked 
|  53|0x00000000c7500000, 0x00000000c7500000, 0x00000000c7600000|  0%| F|  |TAMS 0x00000000c7500000, 0x00000000c7500000| Untracked 
|  54|0x00000000c7600000, 0x00000000c7600000, 0x00000000c7700000|  0%| F|  |TAMS 0x00000000c7600000, 0x00000000c7600000| Untracked 
|  55|0x00000000c7700000, 0x00000000c7700000, 0x00000000c7800000|  0%| F|  |TAMS 0x00000000c7700000, 0x00000000c7700000| Untracked 
|  56|0x00000000c7800000, 0x00000000c7876480, 0x00000000c7900000| 46%| E|  |TAMS 0x00000000c7800000, 0x00000000c7800000| Complete 
|  57|0x00000000c7900000, 0x00000000c7a00000, 0x00000000c7a00000|100%| E|CS|TAMS 0x00000000c7900000, 0x00000000c7900000| Complete 
|  58|0x00000000c7a00000, 0x00000000c7b00000, 0x00000000c7b00000|100%| E|CS|TAMS 0x00000000c7a00000, 0x00000000c7a00000| Complete 
|  59|0x00000000c7b00000, 0x00000000c7c00000, 0x00000000c7c00000|100%| E|CS|TAMS 0x00000000c7b00000, 0x00000000c7b00000| Complete 

Card table byte_map: [0x0000014b72e20000,0x0000014b73000000] _byte_map_base: 0x0000014b72800000

Marking Bits (Prev, Next): (CMBitMap*) 0x0000014b5c040c00, (CMBitMap*) 0x0000014b5c040c40
 Prev Bits: [0x0000014b731e0000, 0x0000014b740e0000)
 Next Bits: [0x0000014b740e0000, 0x0000014b74fe0000)

Polling page: 0x0000014b59fc0000

Metaspace:

Usage:
  Non-class:      6.37 MB used.
      Class:    611.95 KB used.
       Both:      6.97 MB used.

Virtual space:
  Non-class space:       64.00 MB reserved,       6.44 MB ( 10%) committed,  1 nodes.
      Class space:        1.00 GB reserved,     704.00 KB ( <1%) committed,  1 nodes.
             Both:        1.06 GB reserved,       7.12 MB ( <1%) committed. 

Chunk freelists:
   Non-Class:  1008.00 KB
       Class:  3.22 MB
        Both:  4.20 MB

MaxMetaspaceSize: unlimited
CompressedClassSpaceSize: 1.00 GB
Initial GC threshold: 21.00 MB
Current GC threshold: 21.00 MB
CDS: off
MetaspaceReclaimPolicy: balanced
 - commit_granule_bytes: 65536.
 - commit_granule_words: 8192.
 - virtual_space_node_default_size: 8388608.
 - enlarge_chunks_in_place: 1.
 - new_chunks_are_fully_committed: 0.
 - uncommit_free_chunks: 1.
 - use_allocation_guard: 0.


Internal statistics:

num_allocs_failed_limit: 0.
num_arena_births: 36.
num_arena_deaths: 0.
num_vsnodes_births: 2.
num_vsnodes_deaths: 0.
num_space_committed: 114.
num_space_uncommitted: 0.
num_chunks_returned_to_freelist: 0.
num_chunks_taken_from_freelist: 62.
num_chunk_merges: 0.
num_chunk_splits: 35.
num_chunks_enlarged: 24.
num_inconsistent_stats: 0.

CodeHeap 'non-profiled nmethods': size=120000Kb used=69Kb max_used=69Kb free=119930Kb
 bounds [0x0000014b6b3e0000, 0x0000014b6b650000, 0x0000014b72910000]
CodeHeap 'profiled nmethods': size=120000Kb used=309Kb max_used=309Kb free=119690Kb
 bounds [0x0000014b63eb0000, 0x0000014b64120000, 0x0000014b6b3e0000]
CodeHeap 'non-nmethods': size=5760Kb used=1124Kb max_used=1130Kb free=4635Kb
 bounds [0x0000014b63910000, 0x0000014b63b80000, 0x0000014b63eb0000]
 total_blobs=635 nmethods=255 adapters=293
 compilation: enabled
              stopped_count=0, restarted_count=0
 full_count=0

Compilation events (20 events):
Event: 1.987 Thread 0x0000014b77a082a0  238       1       java.lang.invoke.MethodHandle::type (5 bytes)
Event: 1.987 Thread 0x0000014b77a082a0 nmethod 238 0x0000014b6b3ef090 code [0x0000014b6b3ef220, 0x0000014b6b3ef2f8]
Event: 1.987 Thread 0x0000014b77a082a0  240       3       java.lang.invoke.MethodType::checkSlotCount (33 bytes)
Event: 1.987 Thread 0x0000014b77a082a0 nmethod 240 0x0000014b63efb290 code [0x0000014b63efb4c0, 0x0000014b63efbb58]
Event: 1.987 Thread 0x0000014b77a082a0  241       3       jdk.internal.org.objectweb.asm.SymbolTable::addConstantUtf8 (98 bytes)
Event: 1.988 Thread 0x0000014b77a082a0 nmethod 241 0x0000014b63efbe10 code [0x0000014b63efc040, 0x0000014b63efc638]
Event: 1.988 Thread 0x0000014b77a082a0  242       3       java.util.AbstractSet::<init> (5 bytes)
Event: 1.988 Thread 0x0000014b77a082a0 nmethod 242 0x0000014b63efc990 code [0x0000014b63efcb40, 0x0000014b63efccf8]
Event: 1.988 Thread 0x0000014b77a082a0  243       1       java.lang.reflect.Method::getName (5 bytes)
Event: 1.989 Thread 0x0000014b77a082a0 nmethod 243 0x0000014b6b3ef390 code [0x0000014b6b3ef520, 0x0000014b6b3ef5f8]
Event: 1.989 Thread 0x0000014b77a082a0  244       3       java.util.Optional::orElse (16 bytes)
Event: 1.989 Thread 0x0000014b77a082a0 nmethod 244 0x0000014b63efce10 code [0x0000014b63efcfa0, 0x0000014b63efd118]
Event: 1.989 Thread 0x0000014b77a082a0  245       1       java.lang.reflect.Method::getReturnType (5 bytes)
Event: 1.989 Thread 0x0000014b77a082a0 nmethod 245 0x0000014b6b3ef690 code [0x0000014b6b3ef820, 0x0000014b6b3ef8f8]
Event: 1.989 Thread 0x0000014b77a082a0  246       1       java.lang.reflect.Method::getModifiers (5 bytes)
Event: 1.989 Thread 0x0000014b77a082a0 nmethod 246 0x0000014b6b3ef990 code [0x0000014b6b3efb20, 0x0000014b6b3efbf8]
Event: 1.990 Thread 0x0000014b77a082a0  247       3       jdk.internal.org.objectweb.asm.ByteVector::put12 (64 bytes)
Event: 1.990 Thread 0x0000014b77a082a0 nmethod 247 0x0000014b63efd190 code [0x0000014b63efd340, 0x0000014b63efd568]
Event: 1.990 Thread 0x0000014b77a082a0  248       3       jdk.internal.org.objectweb.asm.Frame::execute (2305 bytes)
Event: 1.991 Thread 0x0000014b77a079b0  251       4       jdk.internal.org.objectweb.asm.SymbolTable::get (13 bytes)

GC Heap History (0 events):
No events

Deoptimization events (8 events):
Event: 1.304 Thread 0x0000014b5bffe200 Uncommon trap: trap_request=0xffffff45 fr.pc=0x0000014b6b3e132c relative=0x00000000000000ac
Event: 1.304 Thread 0x0000014b5bffe200 Uncommon trap: reason=unstable_if action=reinterpret pc=0x0000014b6b3e132c method=java.lang.String.isLatin1()Z @ 10 c2
Event: 1.304 Thread 0x0000014b5bffe200 DEOPT PACKING pc=0x0000014b6b3e132c sp=0x00000002ed6feb10
Event: 1.304 Thread 0x0000014b5bffe200 DEOPT UNPACKING pc=0x0000014b63965c23 sp=0x00000002ed6fea50 mode 2
Event: 1.840 Thread 0x0000014b5bffe200 DEOPT PACKING pc=0x0000014b63ecc5e7 sp=0x00000002ed6fd150
Event: 1.840 Thread 0x0000014b5bffe200 DEOPT UNPACKING pc=0x0000014b63966763 sp=0x00000002ed6fc570 mode 0
Event: 1.993 Thread 0x0000014b5bffe200 DEOPT PACKING pc=0x0000014b63eb7e51 sp=0x00000002ed6fdca0
Event: 1.993 Thread 0x0000014b5bffe200 DEOPT UNPACKING pc=0x0000014b63966763 sp=0x00000002ed6fd118 mode 0

Classes loaded (20 events):
Event: 1.959 Loading class java/lang/reflect/ProxyGenerator
Event: 1.965 Loading class java/lang/reflect/ProxyGenerator done
Event: 1.965 Loading class java/lang/reflect/ProxyGenerator$ProxyMethod
Event: 1.967 Loading class java/lang/reflect/ProxyGenerator$ProxyMethod done
Event: 1.967 Loading class java/lang/InterruptedException
Event: 1.967 Loading class java/lang/InterruptedException done
Event: 1.967 Loading class java/util/StringJoiner
Event: 1.971 Loading class java/util/StringJoiner done
Event: 1.973 Loading class java/lang/reflect/ProxyGenerator$PrimitiveTypeInfo
Event: 1.973 Loading class java/lang/reflect/ProxyGenerator$PrimitiveTypeInfo done
Event: 1.974 Loading class jdk/internal/org/objectweb/asm/Edge
Event: 1.976 Loading class jdk/internal/org/objectweb/asm/Edge done
Event: 1.977 Loading class java/lang/reflect/Proxy$ProxyBuilder$1
Event: 1.978 Loading class java/lang/reflect/Proxy$ProxyBuilder$1 done
Event: 1.979 Loading class java/lang/invoke/BoundMethodHandle$Species_LL
Event: 1.986 Loading class java/lang/invoke/BoundMethodHandle$Species_LL done
Event: 1.988 Loading class java/lang/annotation/Target
Event: 1.988 Loading class java/lang/annotation/Target done
Event: 1.994 Loading class java/lang/NoSuchMethodError
Event: 1.994 Loading class java/lang/IncompatibleClassChangeError

Classes unloaded (0 events):
No events

Classes redefined (0 events):
No events

Internal exceptions (0 events):
No events

VM Operations (2 events):
Event: 1.530 Executing VM operation: HandshakeAllThreads
Event: 1.530 Executing VM operation: HandshakeAllThreads done

Events (17 events):
Event: 0.336 Loaded shared library C:\Program Files\Java\jdk-18\bin\java.dll
Event: 0.681 Loaded shared library C:\Program Files\Java\jdk-18\bin\jsvml.dll
Event: 0.687 Thread 0x0000014b5bffe200 Thread added: 0x0000014b5bffe200
Event: 0.746 Thread 0x0000014b779bd010 Thread added: 0x0000014b779bd010
Event: 0.746 Thread 0x0000014b779c1cf0 Thread added: 0x0000014b779c1cf0
Event: 0.976 Thread 0x0000014b779d9e30 Thread added: 0x0000014b779d9e30
Event: 0.976 Thread 0x0000014b779da6e0 Thread added: 0x0000014b779da6e0
Event: 0.976 Thread 0x0000014b779fb010 Thread added: 0x0000014b779fb010
Event: 0.976 Thread 0x0000014b779fb8c0 Thread added: 0x0000014b779fb8c0
Event: 0.977 Thread 0x0000014b77a079b0 Thread added: 0x0000014b77a079b0
Event: 0.977 Thread 0x0000014b77a082a0 Thread added: 0x0000014b77a082a0
Event: 0.977 Thread 0x0000014b77a19350 Thread added: 0x0000014b77a19350
Event: 1.277 Thread 0x0000014b0019e9e0 Thread added: 0x0000014b0019e9e0
Event: 1.338 Thread 0x0000014b001bf1d0 Thread added: 0x0000014b001bf1d0
Event: 1.437 Loaded shared library C:\Program Files\Java\jdk-18\bin\net.dll
Event: 1.454 Loaded shared library C:\Program Files\Java\jdk-18\bin\nio.dll
Event: 1.522 Loaded shared library C:\Program Files\Java\jdk-18\bin\zip.dll


Dynamic libraries:
0x00007ff6ee490000 - 0x00007ff6ee4a0000 	C:\Program Files\Java\jdk-18\bin\javaw.exe
0x00007ffe84d30000 - 0x00007ffe84f47000 	C:\WINDOWS\SYSTEM32\ntdll.dll
0x00007ffe83000000 - 0x00007ffe830c4000 	C:\WINDOWS\System32\KERNEL32.DLL
0x00007ffe82400000 - 0x00007ffe827b7000 	C:\WINDOWS\System32\KERNELBASE.dll
0x00007ffe821c0000 - 0x00007ffe822d1000 	C:\WINDOWS\System32\ucrtbase.dll
0x00007ffe64940000 - 0x00007ffe6495a000 	C:\Program Files\Java\jdk-18\bin\VCRUNTIME140.dll
0x00007ffe65020000 - 0x00007ffe65038000 	C:\Program Files\Java\jdk-18\bin\jli.dll
0x00007ffe830d0000 - 0x00007ffe83182000 	C:\WINDOWS\System32\ADVAPI32.dll
0x00007ffe83b80000 - 0x00007ffe83c27000 	C:\WINDOWS\System32\msvcrt.dll
0x00007ffe82b60000 - 0x00007ffe82c08000 	C:\WINDOWS\System32\sechost.dll
0x00007ffe820c0000 - 0x00007ffe820e8000 	C:\WINDOWS\System32\bcrypt.dll
0x00007ffe84bb0000 - 0x00007ffe84cc4000 	C:\WINDOWS\System32\RPCRT4.dll
0x00007ffe845d0000 - 0x00007ffe8477f000 	C:\WINDOWS\System32\USER32.dll
0x00007ffe664d0000 - 0x00007ffe66763000 	C:\WINDOWS\WinSxS\amd64_microsoft.windows.common-controls_6595b64144ccf1df_6.0.22621.3672_none_2713b9d173822955\COMCTL32.dll
0x00007ffe82190000 - 0x00007ffe821b6000 	C:\WINDOWS\System32\win32u.dll
0x00007ffe845a0000 - 0x00007ffe845c9000 	C:\WINDOWS\System32\GDI32.dll
0x00007ffe822e0000 - 0x00007ffe823f8000 	C:\WINDOWS\System32\gdi32full.dll
0x00007ffe820f0000 - 0x00007ffe8218a000 	C:\WINDOWS\System32\msvcp_win.dll
0x00007ffe7ab60000 - 0x00007ffe7ab6a000 	C:\WINDOWS\SYSTEM32\VERSION.dll
0x00007ffe82fc0000 - 0x00007ffe82ff1000 	C:\WINDOWS\System32\IMM32.DLL
0x00007ffe7a650000 - 0x00007ffe7a65c000 	C:\Program Files\Java\jdk-18\bin\vcruntime140_1.dll
0x00007ffe64820000 - 0x00007ffe648ad000 	C:\Program Files\Java\jdk-18\bin\msvcp140.dll
0x00007ffe12660000 - 0x00007ffe13271000 	C:\Program Files\Java\jdk-18\bin\server\jvm.dll
0x00007ffe7b050000 - 0x00007ffe7b084000 	C:\WINDOWS\SYSTEM32\WINMM.dll
0x00007ffe84b30000 - 0x00007ffe84b38000 	C:\WINDOWS\System32\PSAPI.DLL
0x00007ffe5eda0000 - 0x00007ffe5eda9000 	C:\WINDOWS\SYSTEM32\WSOCK32.dll
0x00007ffe844d0000 - 0x00007ffe84541000 	C:\WINDOWS\System32\WS2_32.dll
0x00007ffe81090000 - 0x00007ffe810a8000 	C:\WINDOWS\SYSTEM32\kernel.appcore.dll
0x00007ffe7a630000 - 0x00007ffe7a63a000 	C:\Program Files\Java\jdk-18\bin\jimage.dll
0x00007ffe7fb50000 - 0x00007ffe7fd82000 	C:\WINDOWS\SYSTEM32\DBGHELP.DLL
0x00007ffe82c10000 - 0x00007ffe82f9e000 	C:\WINDOWS\System32\combase.dll
0x00007ffe84890000 - 0x00007ffe84967000 	C:\WINDOWS\System32\OLEAUT32.dll
0x00007ffe61570000 - 0x00007ffe615a2000 	C:\WINDOWS\SYSTEM32\dbgcore.DLL
0x00007ffe82040000 - 0x00007ffe820bb000 	C:\WINDOWS\System32\bcryptPrimitives.dll
0x00007ffe647f0000 - 0x00007ffe64815000 	C:\Program Files\Java\jdk-18\bin\java.dll
0x00007ffe564e0000 - 0x00007ffe565b6000 	C:\Program Files\Java\jdk-18\bin\jsvml.dll
0x00007ffe83290000 - 0x00007ffe83af9000 	C:\WINDOWS\System32\SHELL32.dll
0x00007ffe7ffb0000 - 0x00007ffe808af000 	C:\WINDOWS\SYSTEM32\windows.storage.dll
0x00007ffe7fe70000 - 0x00007ffe7ffaf000 	C:\WINDOWS\SYSTEM32\wintypes.dll
0x00007ffe83190000 - 0x00007ffe83289000 	C:\WINDOWS\System32\SHCORE.dll
0x00007ffe84b50000 - 0x00007ffe84bae000 	C:\WINDOWS\System32\shlwapi.dll
0x00007ffe81f70000 - 0x00007ffe81f97000 	C:\WINDOWS\SYSTEM32\profapi.dll
0x00007ffe621a0000 - 0x00007ffe621b3000 	C:\Program Files\Java\jdk-18\bin\net.dll
0x00007ffe7bf00000 - 0x00007ffe7c036000 	C:\WINDOWS\SYSTEM32\WINHTTP.dll
0x00007ffe81500000 - 0x00007ffe81569000 	C:\WINDOWS\system32\mswsock.dll
0x00007ffe60710000 - 0x00007ffe60726000 	C:\Program Files\Java\jdk-18\bin\nio.dll
0x00007ffe60670000 - 0x00007ffe60688000 	C:\Program Files\Java\jdk-18\bin\zip.dll

dbghelp: loaded successfully - version: 4.0.5 - missing functions: none
symbol engine: initialized successfully - sym options: 0x614 - pdb path: .;C:\Program Files\Java\jdk-18\bin;C:\WINDOWS\SYSTEM32;C:\WINDOWS\WinSxS\amd64_microsoft.windows.common-controls_6595b64144ccf1df_6.0.22621.3672_none_2713b9d173822955;C:\Program Files\Java\jdk-18\bin\server

VM Arguments:
jvm_args: -ea -Dfile.encoding=UTF-8 -XX:+ShowCodeDetailsInExceptionMessages 
java_command: org.testng.remote.RemoteTestNG -serport 64612 -protocol json -d C:\Users\Frazina\eclipse-workspace\AmazonAutomation\test-output C:\Users\Frazina\AppData\Local\Temp\testng-eclipse--1198512775\testng-customsuite.xml
java_class_path (initial): C:\Users\Frazina\eclipse\java-2022-03\eclipse\configuration\org.eclipse.osgi\431\0\.cp\lib\testng-remote.jar;C:\Users\Frazina\eclipse-workspace\AmazonAutomation\target\test-classes;C:\Users\Frazina\eclipse-workspace\AmazonAutomation\target\classes;C:\Users\Frazina\.p2\pool\plugins\org.testng_7.4.0.r202105021533.jar;C:\Users\Frazina\.p2\pool\plugins\com.beust.jcommander_1.78.0.jar;C:\Users\Frazina\.p2\pool\plugins\org.apache-extras.beanshell.bsh_2.0.0.b6.jar;C:\Users\Frazina\.p2\pool\plugins\org.yaml.snakeyaml_1.21.0.jar;C:\Users\Frazina\.p2\pool\plugins\org.webjars.jquery_3.5.1.jar;C:\Users\Frazina\.m2\repository\org\seleniumhq\selenium\selenium-java\4.25.0\selenium-java-4.25.0.jar;C:\Users\Frazina\.m2\repository\org\seleniumhq\selenium\selenium-api\4.25.0\selenium-api-4.25.0.jar;C:\Users\Frazina\.m2\repository\org\jspecify\jspecify\1.0.0\jspecify-1.0.0.jar;C:\Users\Frazina\.m2\repository\org\seleniumhq\selenium\selenium-chrome-driver\4.25.0\selenium-chrome-driver-4.25.0.jar;C:\Users\Frazina\.m2\repository\com\google\auto\service\auto-service-annotations\1.1.1\auto-service-annotations-1.1.1.jar;C:\Users\Frazina\.m2\repository\org\seleniumhq\selenium\selenium-chromium-driver\4.25.0\selenium-chromium-driver-4.25.0.jar;C:\Users\Frazina\.m2\repository\org\seleniumhq\selenium\selenium-json\4.25.0\selenium-json-4.25.0.jar;C:\Users\Frazina\.m2\repository\org\seleniumhq\selenium\selenium-manager\4.25.0\selenium-manager-4.25.0.jar;C:\Users\Frazina\.m2\repository\org\seleniumhq\selenium\selenium-devtools-v127\4.25.0\selenium-devtools-v127-4.25.0.jar;C:\Users\Frazina\.m2\repository\org\seleniumhq\selenium\selenium-devtools-v128\4.25.0\selenium-devtools-v128-4.25.0.jar;C:\Users\Frazina\.m2\repository\org\seleniumhq\selenium\selenium-devtools-v129\4.25.0\selenium-devtools-v129-4.25.0.jar;C:\Users\Frazina\.m2\repository\org\seleniumhq\selenium\selenium-devtools-v85\4.25.0\selenium-devtools-v85-4.25.0.jar;C:\Users\Frazina\.m2\repository\org\seleniumhq\selenium\selenium-edge-driver\4.25.0\selenium-edge-driver-4.25.0.jar;C:\Users\Frazina\.m2\repository\org\seleniumhq\selenium\selenium-firefox-driver\4.25.0\selenium-firefox-driver-4.25.0.jar;C:\Users\Frazina\.m2\repository\org\seleniumhq\selenium\selenium-http\4.25.0\selenium-http-4.25.0.jar;C:\Users\Frazina\.m2\repository\dev\failsafe\failsafe\3.3.2\failsafe-3.3.2.jar;C:\Users\Frazina\.m2\repository\org\seleniumhq\selenium\selenium-ie-driver\4.25.0\selenium-ie-driver-4.25.0.jar;C:\Users\Frazina\.m2\repository\org\seleniumhq\selenium\selenium-remote-driver\4.25.0\selenium-remote-driver-4.25.0.jar;C:\Users\Frazina\.m2\repository\com\google\guava\guava\33.3.0-jre\guava-33.3.0-jre.jar;C:\Users\Frazina\.m2\repository\com\google\guava\failureaccess\1.0.2\failureaccess-1.0.2.jar;C:\Users\Frazina\.m2\repository\com\google\guava\listenablefuture\9999.0-empty-to-avoid-conflict-with-guava\listenablefuture-9999.0-empty-to-avoid-conflict-with-guava.jar;C:\Users\Frazina\.m2\repository\com\google\code\findbugs\jsr305\3.0.2\jsr305-3.0.2.jar;C:\Users\Frazina\.m2\repository\org\checkerframework\checker-qual\3.43.0\checker-qual-3.43.0.jar;C:\Users\Frazina\.m2\repository\com\google\errorprone\error_prone_annotations\2.28.0\error_prone_annotations-2.28.0.jar;C:\Users\Frazina\.m2\repository\com\google\j2objc\j2objc-annotations\3.0.0\j2objc-annotations-3.0.0.jar;C:\Users\Frazina\.m2\repository\io\opentelemetry\semconv\opentelemetry-semconv\1.25.0-alpha\opentelemetry-semconv-1.25.0-alpha.jar;C:\Users\Frazina\.m2\repository\io\opentelemetry\opentelemetry-api\1.42.1\opentelemetry-api-1.42.1.jar;C:\Users\Frazina\.m2\repository\io\opentelemetry\opentelemetry-context\1.42.1\opentelemetry-context-1.42.1.jar;C:\Users\Frazina\.m2\repository\io\opentelemetry\opentelemetry-exporter-logging\1.42.1\opentelemetry-exporter-logging-1.42.1.jar;C:\Users\Frazina\.m2\repository\io\opentelemetry\opentelemetry-sdk-common\1.42.1\opentelemetry-sdk-common-1.42.1.jar;C:\Users\Frazina\.m2\repository\io\opentelemetry\opentelemetry-sdk-extension-autoconfigure-spi\1.42.1\opentelemetry-sdk-extension-autoconfigure-spi-1.42.1.jar;C:\Users\Frazina\.m2\repository\io\opentelemetry\opentelemetry-sdk-extension-autoconfigure\1.42.1\opentelemetry-sdk-extension-autoconfigure-1.42.1.jar;C:\Users\Frazina\.m2\repository\io\opentelemetry\opentelemetry-api-incubator\1.42.1-alpha\opentelemetry-api-incubator-1.42.1-alpha.jar;C:\Users\Frazina\.m2\repository\io\opentelemetry\opentelemetry-sdk-trace\1.42.1\opentelemetry-sdk-trace-1.42.1.jar;C:\Users\Frazina\.m2\repository\io\opentelemetry\opentelemetry-sdk\1.42.1\opentelemetry-sdk-1.42.1.jar;C:\Users\Frazina\.m2\repository\io\opentelemetry\opentelemetry-sdk-metrics\1.42.1\opentelemetry-sdk-metrics-1.42.1.jar;C:\Users\Frazina\.m2\repository\io\opentelemetry\opentelemetry-sdk-logs\1.42.1\opentelemetry-sdk-logs-1.42.1.jar;C:\Users\Frazina\.m2\repository\net\bytebuddy\byte-buddy\1.15.1\byte-buddy-1.15.1.jar;C:\Users\Frazina\.m2\repository\org\seleniumhq\selenium\selenium-os\4.25.0\selenium-os-4.25.0.jar;C:\Users\Frazina\.m2\repository\org\apache\commons\commons-exec\1.4.0\commons-exec-1.4.0.jar;C:\Users\Frazina\.m2\repository\org\seleniumhq\selenium\selenium-safari-driver\4.25.0\selenium-safari-driver-4.25.0.jar;C:\Users\Frazina\.m2\repository\org\seleniumhq\selenium\selenium-support\4.25.0\selenium-support-4.25.0.jar;C:\Users\Frazina\.m2\repository\org\testng\testng\7.9.0\testng-7.9.0.jar;C:\Users\Frazina\.m2\repository\org\slf4j\slf4j-api\1.7.36\slf4j-api-1.7.36.jar;C:\Users\Frazina\.m2\repository\com\beust\jcommander\1.82\jcommander-1.82.jar;C:\Users\Frazina\.m2\repository\org\webjars\jquery\3.7.1\jquery-3.7.1.jar;C:\Users\Frazina\.m2\repository\org\slf4j\slf4j-simple\1.7.21\slf4j-simple-1.7.21.jar
Launcher Type: SUN_STANDARD

[Global flags]
     intx CICompilerCount                          = 4                                         {product} {ergonomic}
     uint ConcGCThreads                            = 2                                         {product} {ergonomic}
     uint G1ConcRefinementThreads                  = 8                                         {product} {ergonomic}
   size_t G1HeapRegionSize                         = 1048576                                   {product} {ergonomic}
    uintx GCDrainStackTargetSize                   = 64                                        {product} {ergonomic}
   size_t InitialHeapSize                          = 62914560                                  {product} {ergonomic}
   size_t MarkStackSize                            = 4194304                                   {product} {ergonomic}
   size_t MaxHeapSize                              = 1006632960                                {product} {ergonomic}
   size_t MaxNewSize                               = 603979776                                 {product} {ergonomic}
   size_t MinHeapDeltaBytes                        = 1048576                                   {product} {ergonomic}
   size_t MinHeapSize                              = 8388608                                   {product} {ergonomic}
    uintx NonNMethodCodeHeapSize                   = 5839372                                {pd product} {ergonomic}
    uintx NonProfiledCodeHeapSize                  = 122909434                              {pd product} {ergonomic}
    uintx ProfiledCodeHeapSize                     = 122909434                              {pd product} {ergonomic}
    uintx ReservedCodeCacheSize                    = 251658240                              {pd product} {ergonomic}
     bool SegmentedCodeCache                       = true                                      {product} {ergonomic}
     bool ShowCodeDetailsInExceptionMessages       = true                                   {manageable} {command line}
   size_t SoftMaxHeapSize                          = 1006632960                             {manageable} {ergonomic}
     bool UseCompressedClassPointers               = true                           {product lp64_product} {ergonomic}
     bool UseCompressedOops                        = true                           {product lp64_product} {ergonomic}
     bool UseG1GC                                  = true                                      {product} {ergonomic}
     bool UseLargePagesIndividualAllocation        = false                                  {pd product} {ergonomic}

Logging:
Log output configuration:
 #0: stdout all=warning uptime,level,tags foldmultilines=false
 #1: stderr all=off uptime,level,tags foldmultilines=false

Environment Variables:
JAVA_HOME=C:\Program Files\Java\jdk-17
PATH=C:\Program Files\Common Files\Oracle\Java\javapath;C:\Program Files (x86)\Common Files\Oracle\Java\javapath;C:\WINDOWS\system32;C:\WINDOWS;C:\WINDOWS\System32\Wbem;C:\WINDOWS\System32\WindowsPowerShell\v1.0\;C:\WINDOWS\System32\OpenSSH\C:\Program Files\Java\jdk-18\bin;C:\WINDOWS\System32\OpenSSH\;D:\maven\apache-maven-3.9.1\bin;C:\Program Files\Java\jdk-18\bin;C:\Program Files\Java\jdk-17\bin;C:\Program Files\Git\cmd;C:\Users\Frazina\AppData\Local\Microsoft\WindowsApps;
USERNAME=Frazina
OS=Windows_NT
PROCESSOR_IDENTIFIER=Intel64 Family 6 Model 140 Stepping 1, GenuineIntel



---------------  S Y S T E M  ---------------

OS:
 Windows 11 , 64 bit Build 22621 (10.0.22621.3958)
OS uptime: 0 days 9:38 hours

CPU: total 8 (initial active 8) (4 cores per cpu, 2 threads per core) family 6 model 140 stepping 1 microcode 0xac, cx8, cmov, fxsr, ht, mmx, 3dnowpref, sse, sse2, sse3, ssse3, sse4.1, sse4.2, popcnt, lzcnt, tsc, tscinvbit, avx, avx2, aes, erms, clmul, bmi1, bmi2, adx, avx512f, avx512dq, avx512cd, avx512bw, avx512vl, sha, fma, vzeroupper, avx512_vpopcntdq, avx512_vpclmulqdq, avx512_vaes, avx512_vnni, clflush, clflushopt, clwb, avx512_vbmi2, avx512_vbmi

Memory: 4k page, system-wide physical 3836M (40M free)
TotalPageFile size 15612M (AvailPageFile size 0M)
current process WorkingSet (physical memory assigned to process): 34M, peak: 34M
current process commit charge ("private bytes"): 136M, peak: 136M

vm_info: Java HotSpot(TM) 64-Bit Server VM (18+36-2087) for windows-amd64 JRE (18+36-2087), built on Feb 15 2022 09:43:11 by "mach5one" with MS VC++ 16.8 / 16.9 (VS2019)

END.
